[debug] [2023-12-21T02:33:14.402Z] ----------------------------------------------------------------------
[debug] [2023-12-21T02:33:14.404Z] Command:       C:\Program Files\nodejs\node.exe C:\Users\jlham\AppData\Roaming\npm\node_modules\firebase-tools\lib\bin\firebase.js init
[debug] [2023-12-21T02:33:14.404Z] CLI Version:   13.0.2
[debug] [2023-12-21T02:33:14.405Z] Platform:      win32
[debug] [2023-12-21T02:33:14.405Z] Node Version:  v18.18.2
[debug] [2023-12-21T02:33:14.406Z] Time:          Wed Dec 20 2023 20:33:14 GMT-0600 (Central Standard Time)
[debug] [2023-12-21T02:33:14.406Z] ----------------------------------------------------------------------
[debug] 
[debug] [2023-12-21T02:33:14.409Z] >>> [apiv2][query] GET https://firebase-public.firebaseio.com/cli.json [none]
[debug] [2023-12-21T02:33:14.450Z] > command requires scopes: ["email","openid","https://www.googleapis.com/auth/cloudplatformprojects.readonly","https://www.googleapis.com/auth/firebase","https://www.googleapis.com/auth/cloud-platform"]
[debug] [2023-12-21T02:33:14.450Z] > authorizing via signed-in user (jlhamilton0408@gmail.com)
[info] 
     ######## #### ########  ######## ########     ###     ######  ########
     ##        ##  ##     ## ##       ##     ##  ##   ##  ##       ##
     ######    ##  ########  ######   ########  #########  ######  ######
     ##        ##  ##    ##  ##       ##     ## ##     ##       ## ##
     ##       #### ##     ## ######## ########  ##     ##  ######  ########

You're about to initialize a Firebase project in this directory:

  C:\Users\jlham\OneDrive\Documents\GitHub\EZCode-Website

[debug] [2023-12-21T02:33:14.603Z] <<< [apiv2][status] GET https://firebase-public.firebaseio.com/cli.json 200
[debug] [2023-12-21T02:33:14.604Z] <<< [apiv2][body] GET https://firebase-public.firebaseio.com/cli.json {"cloudBuildErrorAfter":1594252800000,"cloudBuildWarnAfter":1590019200000,"defaultNode10After":1594252800000,"minVersion":"3.0.5","node8DeploysDisabledAfter":1613390400000,"node8RuntimeDisabledAfter":1615809600000,"node8WarnAfter":1600128000000}
